<?xml version="1.0" encoding="UTF-8"?>
<testng-results skipped="0" failed="2" ignored="3" total="12" passed="7">
  <reporter-output>
  </reporter-output>
  <suite name="SalesForce Application Test Automation Test Suite" duration-ms="205586" started-at="2020-02-10T07:14:39Z" finished-at="2020-02-10T07:18:05Z">
    <groups>
    </groups>
    <test name="SalesForce App Test Cases" duration-ms="205586" started-at="2020-02-10T07:14:39Z" finished-at="2020-02-10T07:18:05Z">
      <class name="com.salesforce.qa.testcases.ProfilePageTest">
        <test-method status="PASS" signature="setUp()[pri:0, instance:com.salesforce.qa.testcases.ProfilePageTest@59f99ea]" name="setUp" is-config="true" duration-ms="29728" started-at="2020-02-10T02:14:39Z" finished-at="2020-02-10T02:15:09Z">
          <reporter-output>
          </reporter-output>
        </test-method> <!-- setUp -->
        <test-method status="FAIL" signature="uploadingPicture()[pri:0, instance:com.salesforce.qa.testcases.ProfilePageTest@59f99ea]" name="uploadingPicture" duration-ms="30313" started-at="2020-02-10T02:15:09Z" finished-at="2020-02-10T02:15:39Z">
          <exception class="org.openqa.selenium.NoSuchFrameException">
            <message>
              <![CDATA[No frame element found by name or id uploadPhotoContentId
Build info: version: '3.14.0', revision: 'aacccce0', time: '2018-08-02T20:19:58.91Z'
System info: host: 'LAPTOP-E8PU3SFA', ip: '192.168.0.141', os.name: 'Windows 10', os.arch: 'amd64', os.version: '10.0', java.version: '1.8.0_221'
Driver info: driver.version: unknown]]>
            </message>
            <full-stacktrace>
              <![CDATA[org.openqa.selenium.NoSuchFrameException: No frame element found by name or id uploadPhotoContentId
Build info: version: '3.14.0', revision: 'aacccce0', time: '2018-08-02T20:19:58.91Z'
System info: host: 'LAPTOP-E8PU3SFA', ip: '192.168.0.141', os.name: 'Windows 10', os.arch: 'amd64', os.version: '10.0', java.version: '1.8.0_221'
Driver info: driver.version: unknown
	at org.openqa.selenium.remote.RemoteWebDriver$RemoteTargetLocator.frame(RemoteWebDriver.java:881)
	at org.openqa.selenium.support.events.EventFiringWebDriver$EventFiringTargetLocator.frame(EventFiringWebDriver.java:701)
	at com.salesforce.qa.pages.ProfilePage.uploading(ProfilePage.java:33)
	at com.salesforce.qa.testcases.ProfilePageTest.uploadingPicture(ProfilePageTest.java:38)
	at sun.reflect.NativeMethodAccessorImpl.invoke0(Native Method)
	at sun.reflect.NativeMethodAccessorImpl.invoke(Unknown Source)
	at sun.reflect.DelegatingMethodAccessorImpl.invoke(Unknown Source)
	at java.lang.reflect.Method.invoke(Unknown Source)
	at org.testng.internal.MethodInvocationHelper.invokeMethod(MethodInvocationHelper.java:108)
	at org.testng.internal.Invoker.invokeMethod(Invoker.java:661)
	at org.testng.internal.Invoker.invokeTestMethod(Invoker.java:869)
	at org.testng.internal.Invoker.invokeTestMethods(Invoker.java:1193)
	at org.testng.internal.TestMethodWorker.invokeTestMethods(TestMethodWorker.java:126)
	at org.testng.internal.TestMethodWorker.run(TestMethodWorker.java:109)
	at org.testng.TestRunner.privateRun(TestRunner.java:744)
	at org.testng.TestRunner.run(TestRunner.java:602)
	at org.testng.SuiteRunner.runTest(SuiteRunner.java:380)
	at org.testng.SuiteRunner.runSequentially(SuiteRunner.java:375)
	at org.testng.SuiteRunner.privateRun(SuiteRunner.java:340)
	at org.testng.SuiteRunner.run(SuiteRunner.java:289)
	at org.testng.SuiteRunnerWorker.runSuite(SuiteRunnerWorker.java:52)
	at org.testng.SuiteRunnerWorker.run(SuiteRunnerWorker.java:86)
	at org.testng.TestNG.runSuitesSequentially(TestNG.java:1301)
	at org.testng.TestNG.runSuitesLocally(TestNG.java:1226)
	at org.testng.TestNG.runSuites(TestNG.java:1144)
	at org.testng.TestNG.run(TestNG.java:1115)
	at org.testng.remote.AbstractRemoteTestNG.run(AbstractRemoteTestNG.java:132)
	at org.testng.remote.RemoteTestNG.initAndRun(RemoteTestNG.java:236)
	at org.testng.remote.RemoteTestNG.main(RemoteTestNG.java:81)
]]>
            </full-stacktrace>
          </exception> <!-- org.openqa.selenium.NoSuchFrameException -->
          <reporter-output>
          </reporter-output>
        </test-method> <!-- uploadingPicture -->
        <test-method status="PASS" signature="tearDown()[pri:0, instance:com.salesforce.qa.testcases.ProfilePageTest@59f99ea]" name="tearDown" is-config="true" duration-ms="621" started-at="2020-02-10T02:15:39Z" finished-at="2020-02-10T02:15:40Z">
          <reporter-output>
          </reporter-output>
        </test-method> <!-- tearDown -->
      </class> <!-- com.salesforce.qa.testcases.ProfilePageTest -->
      <class name="com.salesforce.qa.testcases.HomePageTest">
        <test-method status="PASS" signature="setUp()[pri:0, instance:com.salesforce.qa.testcases.HomePageTest@68c4039c]" name="setUp" is-config="true" duration-ms="5188" started-at="2020-02-10T02:17:30Z" finished-at="2020-02-10T02:17:35Z">
          <reporter-output>
          </reporter-output>
        </test-method> <!-- setUp -->
        <test-method status="PASS" signature="clickOnContactsPageTest()[pri:3, instance:com.salesforce.qa.testcases.HomePageTest@68c4039c]" name="clickOnContactsPageTest" duration-ms="1957" started-at="2020-02-10T02:17:35Z" finished-at="2020-02-10T02:17:37Z">
          <reporter-output>
          </reporter-output>
        </test-method> <!-- clickOnContactsPageTest -->
        <test-method status="PASS" signature="tearDown()[pri:0, instance:com.salesforce.qa.testcases.HomePageTest@68c4039c]" name="tearDown" is-config="true" duration-ms="685" started-at="2020-02-10T02:17:37Z" finished-at="2020-02-10T02:17:37Z">
          <reporter-output>
          </reporter-output>
        </test-method> <!-- tearDown -->
        <test-method status="PASS" signature="setUp()[pri:0, instance:com.salesforce.qa.testcases.HomePageTest@68c4039c]" name="setUp" is-config="true" duration-ms="6347" started-at="2020-02-10T02:17:37Z" finished-at="2020-02-10T02:17:44Z">
          <reporter-output>
          </reporter-output>
        </test-method> <!-- setUp -->
        <test-method status="PASS" signature="clickonProfileSettingsTest()[pri:4, instance:com.salesforce.qa.testcases.HomePageTest@68c4039c]" name="clickonProfileSettingsTest" duration-ms="20484" started-at="2020-02-10T02:17:44Z" finished-at="2020-02-10T02:18:04Z">
          <reporter-output>
          </reporter-output>
        </test-method> <!-- clickonProfileSettingsTest -->
        <test-method status="PASS" signature="tearDown()[pri:0, instance:com.salesforce.qa.testcases.HomePageTest@68c4039c]" name="tearDown" is-config="true" duration-ms="633" started-at="2020-02-10T02:18:04Z" finished-at="2020-02-10T02:18:05Z">
          <reporter-output>
          </reporter-output>
        </test-method> <!-- tearDown -->
      </class> <!-- com.salesforce.qa.testcases.HomePageTest -->
      <class name="com.salesforce.qa.testcases.ContactPageTest">
        <test-method status="PASS" signature="setUp()[pri:0, instance:com.salesforce.qa.testcases.ContactPageTest@ae45eb6]" name="setUp" is-config="true" duration-ms="19092" started-at="2020-02-10T02:15:45Z" finished-at="2020-02-10T02:16:04Z">
          <reporter-output>
          </reporter-output>
        </test-method> <!-- setUp -->
        <test-method status="PASS" signature="verifyingContactDropDownTest()[pri:1, instance:com.salesforce.qa.testcases.ContactPageTest@ae45eb6]" name="verifyingContactDropDownTest" duration-ms="5277" started-at="2020-02-10T02:16:04Z" finished-at="2020-02-10T02:16:09Z">
          <reporter-output>
          </reporter-output>
        </test-method> <!-- verifyingContactDropDownTest -->
        <test-method status="PASS" signature="tearDown()[pri:0, instance:com.salesforce.qa.testcases.ContactPageTest@ae45eb6]" name="tearDown" is-config="true" duration-ms="599" started-at="2020-02-10T02:16:09Z" finished-at="2020-02-10T02:16:10Z">
          <reporter-output>
          </reporter-output>
        </test-method> <!-- tearDown -->
        <test-method status="PASS" signature="setUp()[pri:0, instance:com.salesforce.qa.testcases.ContactPageTest@ae45eb6]" name="setUp" is-config="true" duration-ms="24268" started-at="2020-02-10T02:16:15Z" finished-at="2020-02-10T02:16:39Z">
          <reporter-output>
          </reporter-output>
        </test-method> <!-- setUp -->
        <test-method status="FAIL" signature="createnewContactTest(java.lang.String, java.lang.String)[pri:2, instance:com.salesforce.qa.testcases.ContactPageTest@ae45eb6]" name="createnewContactTest" duration-ms="15100" started-at="2020-02-10T02:16:39Z" data-provider="getContactsTestData" finished-at="2020-02-10T02:16:54Z">
          <params>
            <param index="0">
              <value>
                <![CDATA[sandy]]>
              </value>
            </param>
            <param index="1">
              <value>
                <![CDATA[poorvi]]>
              </value>
            </param>
          </params>
          <exception class="org.openqa.selenium.NoSuchElementException">
            <message>
              <![CDATA[no such element: Unable to locate element: {"method":"xpath","selector":"//input[@id='name_lastcon2']"}
  (Session info: chrome=80.0.3987.87)
For documentation on this error, please visit: http://seleniumhq.org/exceptions/no_such_element.html
Build info: version: '3.14.0', revision: 'aacccce0', time: '2018-08-02T20:19:58.91Z'
System info: host: 'LAPTOP-E8PU3SFA', ip: '192.168.0.141', os.name: 'Windows 10', os.arch: 'amd64', os.version: '10.0', java.version: '1.8.0_221'
Driver info: org.openqa.selenium.chrome.ChromeDriver
Capabilities {acceptInsecureCerts: false, browserName: chrome, browserVersion: 80.0.3987.87, chrome: {chromedriverVersion: 79.0.3945.36 (3582db32b3389..., userDataDir: C:\Users\15186\AppData\Loca...}, goog:chromeOptions: {debuggerAddress: localhost:58648}, javascriptEnabled: true, networkConnectionEnabled: false, pageLoadStrategy: normal, platform: WINDOWS, platformName: WINDOWS, proxy: Proxy(), setWindowRect: true, strictFileInteractability: false, timeouts: {implicit: 0, pageLoad: 300000, script: 30000}, unhandledPromptBehavior: dismiss and notify}
Session ID: cd66b03334b3ee6213ee6c87fd956767
*** Element info: {Using=xpath, value=//input[@id='name_lastcon2']}]]>
            </message>
            <full-stacktrace>
              <![CDATA[org.openqa.selenium.NoSuchElementException: no such element: Unable to locate element: {"method":"xpath","selector":"//input[@id='name_lastcon2']"}
  (Session info: chrome=80.0.3987.87)
For documentation on this error, please visit: http://seleniumhq.org/exceptions/no_such_element.html
Build info: version: '3.14.0', revision: 'aacccce0', time: '2018-08-02T20:19:58.91Z'
System info: host: 'LAPTOP-E8PU3SFA', ip: '192.168.0.141', os.name: 'Windows 10', os.arch: 'amd64', os.version: '10.0', java.version: '1.8.0_221'
Driver info: org.openqa.selenium.chrome.ChromeDriver
Capabilities {acceptInsecureCerts: false, browserName: chrome, browserVersion: 80.0.3987.87, chrome: {chromedriverVersion: 79.0.3945.36 (3582db32b3389..., userDataDir: C:\Users\15186\AppData\Loca...}, goog:chromeOptions: {debuggerAddress: localhost:58648}, javascriptEnabled: true, networkConnectionEnabled: false, pageLoadStrategy: normal, platform: WINDOWS, platformName: WINDOWS, proxy: Proxy(), setWindowRect: true, strictFileInteractability: false, timeouts: {implicit: 0, pageLoad: 300000, script: 30000}, unhandledPromptBehavior: dismiss and notify}
Session ID: cd66b03334b3ee6213ee6c87fd956767
*** Element info: {Using=xpath, value=//input[@id='name_lastcon2']}
	at sun.reflect.NativeConstructorAccessorImpl.newInstance0(Native Method)
	at sun.reflect.NativeConstructorAccessorImpl.newInstance(Unknown Source)
	at sun.reflect.DelegatingConstructorAccessorImpl.newInstance(Unknown Source)
	at java.lang.reflect.Constructor.newInstance(Unknown Source)
	at org.openqa.selenium.remote.http.W3CHttpResponseCodec.createException(W3CHttpResponseCodec.java:187)
	at org.openqa.selenium.remote.http.W3CHttpResponseCodec.decode(W3CHttpResponseCodec.java:122)
	at org.openqa.selenium.remote.http.W3CHttpResponseCodec.decode(W3CHttpResponseCodec.java:49)
	at org.openqa.selenium.remote.HttpCommandExecutor.execute(HttpCommandExecutor.java:158)
	at org.openqa.selenium.remote.service.DriverCommandExecutor.execute(DriverCommandExecutor.java:83)
	at org.openqa.selenium.remote.RemoteWebDriver.execute(RemoteWebDriver.java:548)
	at org.openqa.selenium.remote.RemoteWebDriver.findElement(RemoteWebDriver.java:322)
	at org.openqa.selenium.remote.RemoteWebDriver.findElementByXPath(RemoteWebDriver.java:424)
	at org.openqa.selenium.By$ByXPath.findElement(By.java:353)
	at org.openqa.selenium.remote.RemoteWebDriver.findElement(RemoteWebDriver.java:314)
	at sun.reflect.GeneratedMethodAccessor4.invoke(Unknown Source)
	at sun.reflect.DelegatingMethodAccessorImpl.invoke(Unknown Source)
	at java.lang.reflect.Method.invoke(Unknown Source)
	at org.openqa.selenium.support.events.EventFiringWebDriver.lambda$new$1(EventFiringWebDriver.java:105)
	at com.sun.proxy.$Proxy8.findElement(Unknown Source)
	at org.openqa.selenium.support.events.EventFiringWebDriver.findElement(EventFiringWebDriver.java:194)
	at org.openqa.selenium.support.pagefactory.DefaultElementLocator.findElement(DefaultElementLocator.java:69)
	at org.openqa.selenium.support.pagefactory.internal.LocatingElementHandler.invoke(LocatingElementHandler.java:38)
	at com.sun.proxy.$Proxy12.sendKeys(Unknown Source)
	at com.salesforce.qa.pages.ContactPage.newCreateContact(ContactPage.java:39)
	at com.salesforce.qa.testcases.ContactPageTest.createnewContactTest(ContactPageTest.java:47)
	at sun.reflect.NativeMethodAccessorImpl.invoke0(Native Method)
	at sun.reflect.NativeMethodAccessorImpl.invoke(Unknown Source)
	at sun.reflect.DelegatingMethodAccessorImpl.invoke(Unknown Source)
	at java.lang.reflect.Method.invoke(Unknown Source)
	at org.testng.internal.MethodInvocationHelper.invokeMethod(MethodInvocationHelper.java:108)
	at org.testng.internal.Invoker.invokeMethod(Invoker.java:661)
	at org.testng.internal.Invoker.invokeTestMethod(Invoker.java:869)
	at org.testng.internal.Invoker.invokeTestMethods(Invoker.java:1193)
	at org.testng.internal.TestMethodWorker.invokeTestMethods(TestMethodWorker.java:126)
	at org.testng.internal.TestMethodWorker.run(TestMethodWorker.java:109)
	at org.testng.TestRunner.privateRun(TestRunner.java:744)
	at org.testng.TestRunner.run(TestRunner.java:602)
	at org.testng.SuiteRunner.runTest(SuiteRunner.java:380)
	at org.testng.SuiteRunner.runSequentially(SuiteRunner.java:375)
	at org.testng.SuiteRunner.privateRun(SuiteRunner.java:340)
	at org.testng.SuiteRunner.run(SuiteRunner.java:289)
	at org.testng.SuiteRunnerWorker.runSuite(SuiteRunnerWorker.java:52)
	at org.testng.SuiteRunnerWorker.run(SuiteRunnerWorker.java:86)
	at org.testng.TestNG.runSuitesSequentially(TestNG.java:1301)
	at org.testng.TestNG.runSuitesLocally(TestNG.java:1226)
	at org.testng.TestNG.runSuites(TestNG.java:1144)
	at org.testng.TestNG.run(TestNG.java:1115)
	at org.testng.remote.AbstractRemoteTestNG.run(AbstractRemoteTestNG.java:132)
	at org.testng.remote.RemoteTestNG.initAndRun(RemoteTestNG.java:236)
	at org.testng.remote.RemoteTestNG.main(RemoteTestNG.java:81)
]]>
            </full-stacktrace>
          </exception> <!-- org.openqa.selenium.NoSuchElementException -->
          <reporter-output>
          </reporter-output>
        </test-method> <!-- createnewContactTest -->
        <test-method status="PASS" signature="tearDown()[pri:0, instance:com.salesforce.qa.testcases.ContactPageTest@ae45eb6]" name="tearDown" is-config="true" duration-ms="609" started-at="2020-02-10T02:16:54Z" finished-at="2020-02-10T02:16:55Z">
          <reporter-output>
          </reporter-output>
        </test-method> <!-- tearDown -->
        <test-method status="PASS" signature="setUp()[pri:0, instance:com.salesforce.qa.testcases.ContactPageTest@ae45eb6]" name="setUp" is-config="true" duration-ms="27339" started-at="2020-02-10T02:16:55Z" finished-at="2020-02-10T02:17:22Z">
          <reporter-output>
          </reporter-output>
        </test-method> <!-- setUp -->
        <test-method status="PASS" signature="createnewContactTest(java.lang.String, java.lang.String)[pri:2, instance:com.salesforce.qa.testcases.ContactPageTest@ae45eb6]" name="createnewContactTest" duration-ms="1037" started-at="2020-02-10T02:17:22Z" data-provider="getContactsTestData" finished-at="2020-02-10T02:17:23Z">
          <params>
            <param index="0">
              <value>
                <![CDATA[Pavi]]>
              </value>
            </param>
            <param index="1">
              <value>
                <![CDATA[sam]]>
              </value>
            </param>
          </params>
          <reporter-output>
          </reporter-output>
        </test-method> <!-- createnewContactTest -->
        <test-method status="PASS" signature="tearDown()[pri:0, instance:com.salesforce.qa.testcases.ContactPageTest@ae45eb6]" name="tearDown" is-config="true" duration-ms="641" started-at="2020-02-10T02:17:23Z" finished-at="2020-02-10T02:17:24Z">
          <reporter-output>
          </reporter-output>
        </test-method> <!-- tearDown -->
      </class> <!-- com.salesforce.qa.testcases.ContactPageTest -->
      <class name="com.salesforce.qa.testcases.LoginPageTest">
        <test-method status="PASS" signature="setUp()[pri:0, instance:com.salesforce.qa.testcases.LoginPageTest@3532ec19]" name="setUp" is-config="true" duration-ms="3983" started-at="2020-02-10T02:15:40Z" finished-at="2020-02-10T02:15:44Z">
          <reporter-output>
          </reporter-output>
        </test-method> <!-- setUp -->
        <test-method status="PASS" signature="loginPageTitleTest()[pri:1, instance:com.salesforce.qa.testcases.LoginPageTest@3532ec19]" name="loginPageTitleTest" duration-ms="17" started-at="2020-02-10T02:15:44Z" finished-at="2020-02-10T02:15:44Z">
          <reporter-output>
          </reporter-output>
        </test-method> <!-- loginPageTitleTest -->
        <test-method status="PASS" signature="tearDown()[pri:0, instance:com.salesforce.qa.testcases.LoginPageTest@3532ec19]" name="tearDown" is-config="true" duration-ms="607" started-at="2020-02-10T02:15:44Z" finished-at="2020-02-10T02:15:45Z">
          <reporter-output>
          </reporter-output>
        </test-method> <!-- tearDown -->
        <test-method status="PASS" signature="setUp()[pri:0, instance:com.salesforce.qa.testcases.LoginPageTest@3532ec19]" name="setUp" is-config="true" duration-ms="3988" started-at="2020-02-10T02:16:10Z" finished-at="2020-02-10T02:16:14Z">
          <reporter-output>
          </reporter-output>
        </test-method> <!-- setUp -->
        <test-method status="PASS" signature="salesforceLogoTest()[pri:2, instance:com.salesforce.qa.testcases.LoginPageTest@3532ec19]" name="salesforceLogoTest" duration-ms="45" started-at="2020-02-10T02:16:14Z" finished-at="2020-02-10T02:16:14Z">
          <reporter-output>
          </reporter-output>
        </test-method> <!-- salesforceLogoTest -->
        <test-method status="PASS" signature="tearDown()[pri:0, instance:com.salesforce.qa.testcases.LoginPageTest@3532ec19]" name="tearDown" is-config="true" duration-ms="632" started-at="2020-02-10T02:16:14Z" finished-at="2020-02-10T02:16:14Z">
          <reporter-output>
          </reporter-output>
        </test-method> <!-- tearDown -->
        <test-method status="PASS" signature="setUp()[pri:0, instance:com.salesforce.qa.testcases.LoginPageTest@3532ec19]" name="setUp" is-config="true" duration-ms="4021" started-at="2020-02-10T02:17:24Z" finished-at="2020-02-10T02:17:28Z">
          <reporter-output>
          </reporter-output>
        </test-method> <!-- setUp -->
        <test-method status="PASS" signature="loginTest()[pri:3, instance:com.salesforce.qa.testcases.LoginPageTest@3532ec19]" name="loginTest" duration-ms="1404" started-at="2020-02-10T02:17:28Z" finished-at="2020-02-10T02:17:29Z">
          <reporter-output>
          </reporter-output>
        </test-method> <!-- loginTest -->
        <test-method status="PASS" signature="tearDown()[pri:0, instance:com.salesforce.qa.testcases.LoginPageTest@3532ec19]" name="tearDown" is-config="true" duration-ms="603" started-at="2020-02-10T02:17:29Z" finished-at="2020-02-10T02:17:30Z">
          <reporter-output>
          </reporter-output>
        </test-method> <!-- tearDown -->
      </class> <!-- com.salesforce.qa.testcases.LoginPageTest -->
    </test> <!-- SalesForce App Test Cases -->
  </suite> <!-- SalesForce Application Test Automation Test Suite -->
</testng-results>
